<?xml version="1.0" encoding="UTF-8"?>
<!-- Generated by org.testng.reporters.JUnitReportReporter -->
<testsuite skipped="0" hostname="THSLT10156" name="sample.overall" tests="3" failures="0" timestamp="2021-02-28T04:15:00 IST" time="21.939" errors="0">
  <testcase name="first" time="9.415" classname="sample.overall"/>
  <testcase name="second" time="11.634" classname="sample.overall"/>
  <testcase name="third" time="0.890" classname="sample.overall"/>
</testsuite> <!-- sample.overall -->
