<?xml version="1.0" encoding="UTF-8"?>
<!-- Generated by org.testng.reporters.JUnitReportReporter -->
<testsuite hostname="THSLT10073" failures="0" tests="1" name="testCases.TC003" time="1.394" errors="0" timestamp="2021-03-02T21:44:34 IST" skipped="0">
  <testcase classname="testCases.TC003" name="scenariothird" time="1.394"/>
  <system-out>
Click on the ‘login’ link enter any username, and the password  Click login  Verify the name of the logged in user  </system-out>
</testsuite> <!-- testCases.TC003 -->
