<?xml version="1.0" encoding="UTF-8"?>
<!-- Generated by org.testng.reporters.JUnitReportReporter -->
<testsuite hostname="THSLT10073" failures="0" tests="1" name="sample.first" time="9.372" errors="0" timestamp="2021-02-27T00:20:18 IST" skipped="0">
  <testcase classname="sample.first" name="main" time="9.372"/>
  <system-out/>
</testsuite> <!-- sample.first -->
