<?xml version="1.0" encoding="UTF-8"?>
<!-- Generated by org.testng.reporters.JUnitReportReporter -->
<testsuite hostname="THSLT10073" failures="0" tests="1" name="sample.Third" time="8.329" errors="0" timestamp="2021-02-27T01:08:15 IST" skipped="0">
  <testcase classname="sample.Third" name="main" time="8.329"/>
  <system-out/>
</testsuite> <!-- sample.Third -->
