<?xml version="1.0" encoding="UTF-8"?>
<!-- Generated by org.testng.reporters.JUnitReportReporter -->
<testsuite hostname="THSLT10073" failures="0" tests="1" name="testCases.TC002" time="2.884" errors="0" timestamp="2021-03-02T21:44:34 IST" skipped="0">
  <testcase classname="testCases.TC002" name="ScenarioTwo" time="2.884"/>
  <system-out>
Navigating to Contact Enter valid data in all 5 fields Click submit Verify the success message  </system-out>
</testsuite> <!-- testCases.TC002 -->
