<?xml version="1.0" encoding="UTF-8"?>
<!-- Generated by org.testng.reporters.JUnitReportReporter -->
<testsuite hostname="THSLT10073" failures="0" tests="1" name="testCases.TC001" time="20.452" errors="0" timestamp="2021-03-02T21:44:34 IST" skipped="0">
  <testcase classname="testCases.TC001" name="ScenarioOne" time="20.452"/>
  <system-out>
Navigating to Contact Click Submit Verify the error messages  Verify the error messages have disappeared  </system-out>
</testsuite> <!-- testCases.TC001 -->
